[ 2019-06-13T11:01:31+08:00 ] ::1 /QQ-master/Home/Test/test.html
INFO: [ app_init ] --START--
INFO: Run Behavior\BuildLiteBehavior [ RunTime:0.000023s ]
INFO: [ app_init ] --END-- [ RunTime:0.009344s ]
INFO: [ app_begin ] --START--
INFO: Run Behavior\ReadHtmlCacheBehavior [ RunTime:0.028264s ]
INFO: [ app_begin ] --END-- [ RunTime:0.028370s ]
INFO: [ view_parse ] --START--
INFO: [ template_filter ] --START--
INFO: Run Behavior\ContentReplaceBehavior [ RunTime:0.000271s ]
INFO: [ template_filter ] --END-- [ RunTime:0.000350s ]
NOTIC: [8] Undefined variable: count /var/www/html/QQ-master/Application/Runtime/Cache/Home/8490265ae1349b4fc710df720bd6902c.php 第 19 行.
NOTIC: [8] Undefined index: username /var/www/html/QQ-master/Application/Runtime/Cache/Home/8490265ae1349b4fc710df720bd6902c.php 第 185 行.
NOTIC: [8] Undefined index: username /var/www/html/QQ-master/Application/Runtime/Cache/Home/8490265ae1349b4fc710df720bd6902c.php 第 227 行.
NOTIC: [8] Undefined variable: id /var/www/html/QQ-master/Application/Runtime/Cache/Home/8490265ae1349b4fc710df720bd6902c.php 第 248 行.
NOTIC: [8] Undefined variable: id /var/www/html/QQ-master/Application/Runtime/Cache/Home/8490265ae1349b4fc710df720bd6902c.php 第 279 行.
INFO: Run Behavior\ParseTemplateBehavior [ RunTime:0.045335s ]
INFO: [ view_parse ] --END-- [ RunTime:0.045401s ]
INFO: [ view_filter ] --START--
INFO: Run Behavior\WriteHtmlCacheBehavior [ RunTime:0.021804s ]
INFO: [ view_filter ] --END-- [ RunTime:0.021872s ]
INFO: [ app_end ] --START--
INFO: Run Behavior\ShowPageTraceBehavior [ RunTime:0.001852s ]
INFO: [ app_end ] --END-- [ RunTime:0.001925s ]

[ 2019-06-13T11:01:32+08:00 ] ::1 /QQ-master/Home/Login/index.html
INFO: [ app_init ] --START--
INFO: Run Behavior\BuildLiteBehavior [ RunTime:0.000020s ]
INFO: [ app_init ] --END-- [ RunTime:0.000142s ]
INFO: [ app_begin ] --START--
INFO: Run Behavior\ReadHtmlCacheBehavior [ RunTime:0.000085s ]
INFO: [ app_begin ] --END-- [ RunTime:0.000160s ]
INFO: [ view_parse ] --START--
INFO: [ template_filter ] --START--
INFO: Run Behavior\ContentReplaceBehavior [ RunTime:0.000062s ]
INFO: [ template_filter ] --END-- [ RunTime:0.000097s ]
INFO: Run Behavior\ParseTemplateBehavior [ RunTime:0.073973s ]
INFO: [ view_parse ] --END-- [ RunTime:0.074031s ]
INFO: [ view_filter ] --START--
INFO: Run Behavior\WriteHtmlCacheBehavior [ RunTime:0.000037s ]
INFO: [ view_filter ] --END-- [ RunTime:0.000054s ]
INFO: [ app_end ] --START--
INFO: Run Behavior\ShowPageTraceBehavior [ RunTime:0.000025s ]
INFO: [ app_end ] --END-- [ RunTime:0.000044s ]

[ 2019-06-13T11:01:32+08:00 ] ::1 /QQ-master/Home/Code/getCode.html
INFO: [ app_init ] --START--
INFO: Run Behavior\BuildLiteBehavior [ RunTime:0.000012s ]
INFO: [ app_init ] --END-- [ RunTime:0.000080s ]
INFO: [ app_begin ] --START--
INFO: Run Behavior\ReadHtmlCacheBehavior [ RunTime:0.000034s ]
INFO: [ app_begin ] --END-- [ RunTime:0.000063s ]
INFO: [ app_end ] --START--
INFO: Run Behavior\ShowPageTraceBehavior [ RunTime:0.000295s ]
INFO: [ app_end ] --END-- [ RunTime:0.000568s ]

[ 2019-06-13T11:01:42+08:00 ] ::1 /QQ-master/Home/Login/login.html
INFO: [ app_init ] --START--
INFO: Run Behavior\BuildLiteBehavior [ RunTime:0.000028s ]
INFO: [ app_init ] --END-- [ RunTime:0.000256s ]
INFO: [ app_begin ] --START--
INFO: Run Behavior\ReadHtmlCacheBehavior [ RunTime:0.000080s ]
INFO: [ app_begin ] --END-- [ RunTime:0.000149s ]
SQL: SHOW COLUMNS FROM `user` [ RunTime:0.0850s ]
SQL: select *from user where username='test' [ RunTime:0.0134s ]
SQL: select id from user where username='test' [ RunTime:0.0006s ]

[ 2019-06-13T11:01:42+08:00 ] ::1 /QQ-master/Home/Index/index.html
INFO: [ app_init ] --START--
INFO: Run Behavior\BuildLiteBehavior [ RunTime:0.000015s ]
INFO: [ app_init ] --END-- [ RunTime:0.000094s ]
INFO: [ app_begin ] --START--
INFO: Run Behavior\ReadHtmlCacheBehavior [ RunTime:0.000040s ]
INFO: [ app_begin ] --END-- [ RunTime:0.000078s ]
SQL: SHOW COLUMNS FROM `friend` [ RunTime:0.0173s ]
SQL: select fid2name,fid2 from friend where fid1=1 [ RunTime:0.0010s ]
INFO: [ view_parse ] --START--
INFO: [ template_filter ] --START--
INFO: Run Behavior\ContentReplaceBehavior [ RunTime:0.000298s ]
INFO: [ template_filter ] --END-- [ RunTime:0.000348s ]
INFO: Run Behavior\ParseTemplateBehavior [ RunTime:0.011925s ]
INFO: [ view_parse ] --END-- [ RunTime:0.011986s ]
INFO: [ view_filter ] --START--
INFO: Run Behavior\WriteHtmlCacheBehavior [ RunTime:0.000079s ]
INFO: [ view_filter ] --END-- [ RunTime:0.000107s ]
INFO: [ app_end ] --START--
INFO: Run Behavior\ShowPageTraceBehavior [ RunTime:0.000074s ]
INFO: [ app_end ] --END-- [ RunTime:0.000122s ]

[ 2019-06-13T11:01:42+08:00 ] ::1 /QQ-master/Home/Index/index.html
INFO: [ app_init ] --START--
INFO: Run Behavior\BuildLiteBehavior [ RunTime:0.000015s ]
INFO: [ app_init ] --END-- [ RunTime:0.000105s ]
INFO: [ app_begin ] --START--
INFO: Run Behavior\ReadHtmlCacheBehavior [ RunTime:0.000042s ]
INFO: [ app_begin ] --END-- [ RunTime:0.000081s ]
SQL: SHOW COLUMNS FROM `friend` [ RunTime:0.0012s ]
SQL: select fid2name,fid2 from friend where fid1=1 [ RunTime:0.0008s ]
INFO: [ view_parse ] --START--
INFO: [ template_filter ] --START--
INFO: Run Behavior\ContentReplaceBehavior [ RunTime:0.000389s ]
INFO: [ template_filter ] --END-- [ RunTime:0.000496s ]
INFO: Run Behavior\ParseTemplateBehavior [ RunTime:0.010214s ]
INFO: [ view_parse ] --END-- [ RunTime:0.010306s ]
INFO: [ view_filter ] --START--
INFO: Run Behavior\WriteHtmlCacheBehavior [ RunTime:0.000093s ]
INFO: [ view_filter ] --END-- [ RunTime:0.000142s ]
INFO: [ app_end ] --START--
INFO: Run Behavior\ShowPageTraceBehavior [ RunTime:0.000075s ]
INFO: [ app_end ] --END-- [ RunTime:0.000179s ]

[ 2019-06-13T11:01:44+08:00 ] ::1 /QQ-master/Home/Index/setfriend.html
INFO: [ app_init ] --START--
INFO: Run Behavior\BuildLiteBehavior [ RunTime:0.000018s ]
INFO: [ app_init ] --END-- [ RunTime:0.000148s ]
INFO: [ app_begin ] --START--
INFO: Run Behavior\ReadHtmlCacheBehavior [ RunTime:0.000051s ]
INFO: [ app_begin ] --END-- [ RunTime:0.000100s ]
SQL: SHOW COLUMNS FROM `news` [ RunTime:0.0138s ]
SQL: select flag,info,fid1,time from news where fid1=1 and fid2=2 or fid1=2 and fid2=1 [ RunTime:0.0016s ]
NOTIC: [2] array_multisort(): Argument #3 is expected to be an array or a sort flag /var/www/html/QQ-master/Application/Home/Controller/IndexController.class.php 第 30 行.

[ 2019-06-13T11:01:45+08:00 ] ::1 /QQ-master/Home/Index/setfriend.html
INFO: [ app_init ] --START--
INFO: Run Behavior\BuildLiteBehavior [ RunTime:0.000014s ]
INFO: [ app_init ] --END-- [ RunTime:0.000111s ]
INFO: [ app_begin ] --START--
INFO: Run Behavior\ReadHtmlCacheBehavior [ RunTime:0.000054s ]
INFO: [ app_begin ] --END-- [ RunTime:0.000092s ]
SQL: SHOW COLUMNS FROM `news` [ RunTime:0.0011s ]
SQL: select flag,info,fid1,time from news where fid1=1 and fid2=2 or fid1=2 and fid2=1 [ RunTime:0.0010s ]
NOTIC: [2] array_multisort(): Argument #3 is expected to be an array or a sort flag /var/www/html/QQ-master/Application/Home/Controller/IndexController.class.php 第 30 行.

[ 2019-06-13T11:01:46+08:00 ] ::1 /QQ-master/Home/Index/setfriend.html
INFO: [ app_init ] --START--
INFO: Run Behavior\BuildLiteBehavior [ RunTime:0.000056s ]
INFO: [ app_init ] --END-- [ RunTime:0.000441s ]
INFO: [ app_begin ] --START--
INFO: Run Behavior\ReadHtmlCacheBehavior [ RunTime:0.000056s ]
INFO: [ app_begin ] --END-- [ RunTime:0.000133s ]
SQL: SHOW COLUMNS FROM `news` [ RunTime:0.0012s ]
SQL: select flag,info,fid1,time from news where fid1=1 and fid2=2 or fid1=2 and fid2=1 [ RunTime:0.0011s ]
NOTIC: [2] array_multisort(): Argument #3 is expected to be an array or a sort flag /var/www/html/QQ-master/Application/Home/Controller/IndexController.class.php 第 30 行.

[ 2019-06-13T11:01:47+08:00 ] ::1 /QQ-master/Home/Index/setfriend.html
INFO: [ app_init ] --START--
INFO: Run Behavior\BuildLiteBehavior [ RunTime:0.000014s ]
INFO: [ app_init ] --END-- [ RunTime:0.000103s ]
INFO: [ app_begin ] --START--
INFO: Run Behavior\ReadHtmlCacheBehavior [ RunTime:0.000041s ]
INFO: [ app_begin ] --END-- [ RunTime:0.000081s ]
SQL: SHOW COLUMNS FROM `news` [ RunTime:0.0011s ]
SQL: select flag,info,fid1,time from news where fid1=1 and fid2=2 or fid1=2 and fid2=1 [ RunTime:0.0010s ]
NOTIC: [2] array_multisort(): Argument #3 is expected to be an array or a sort flag /var/www/html/QQ-master/Application/Home/Controller/IndexController.class.php 第 30 行.

[ 2019-06-13T11:01:48+08:00 ] ::1 /QQ-master/Home/Index/setfriend.html
INFO: [ app_init ] --START--
INFO: Run Behavior\BuildLiteBehavior [ RunTime:0.000015s ]
INFO: [ app_init ] --END-- [ RunTime:0.000107s ]
INFO: [ app_begin ] --START--
INFO: Run Behavior\ReadHtmlCacheBehavior [ RunTime:0.000049s ]
INFO: [ app_begin ] --END-- [ RunTime:0.000093s ]
SQL: SHOW COLUMNS FROM `news` [ RunTime:0.0012s ]
SQL: select flag,info,fid1,time from news where fid1=1 and fid2=2 or fid1=2 and fid2=1 [ RunTime:0.0011s ]
NOTIC: [2] array_multisort(): Argument #3 is expected to be an array or a sort flag /var/www/html/QQ-master/Application/Home/Controller/IndexController.class.php 第 30 行.

[ 2019-06-13T11:01:49+08:00 ] ::1 /QQ-master/Home/Index/setfriend.html
INFO: [ app_init ] --START--
INFO: Run Behavior\BuildLiteBehavior [ RunTime:0.000017s ]
INFO: [ app_init ] --END-- [ RunTime:0.000121s ]
INFO: [ app_begin ] --START--
INFO: Run Behavior\ReadHtmlCacheBehavior [ RunTime:0.000076s ]
INFO: [ app_begin ] --END-- [ RunTime:0.000161s ]
SQL: SHOW COLUMNS FROM `news` [ RunTime:0.0017s ]
SQL: select flag,info,fid1,time from news where fid1=1 and fid2=2 or fid1=2 and fid2=1 [ RunTime:0.0019s ]
NOTIC: [2] array_multisort(): Argument #3 is expected to be an array or a sort flag /var/www/html/QQ-master/Application/Home/Controller/IndexController.class.php 第 30 行.

[ 2019-06-13T11:01:50+08:00 ] ::1 /QQ-master/Home/Index/setfriend.html
INFO: [ app_init ] --START--
INFO: Run Behavior\BuildLiteBehavior [ RunTime:0.000013s ]
INFO: [ app_init ] --END-- [ RunTime:0.000087s ]
INFO: [ app_begin ] --START--
INFO: Run Behavior\ReadHtmlCacheBehavior [ RunTime:0.000040s ]
INFO: [ app_begin ] --END-- [ RunTime:0.000077s ]
SQL: SHOW COLUMNS FROM `news` [ RunTime:0.0011s ]
SQL: select flag,info,fid1,time from news where fid1=1 and fid2=2 or fid1=2 and fid2=1 [ RunTime:0.0009s ]
NOTIC: [2] array_multisort(): Argument #3 is expected to be an array or a sort flag /var/www/html/QQ-master/Application/Home/Controller/IndexController.class.php 第 30 行.

[ 2019-06-13T11:01:51+08:00 ] ::1 /QQ-master/Home/Index/setfriend.html
INFO: [ app_init ] --START--
INFO: Run Behavior\BuildLiteBehavior [ RunTime:0.000015s ]
INFO: [ app_init ] --END-- [ RunTime:0.000106s ]
INFO: [ app_begin ] --START--
INFO: Run Behavior\ReadHtmlCacheBehavior [ RunTime:0.000048s ]
INFO: [ app_begin ] --END-- [ RunTime:0.000088s ]
SQL: SHOW COLUMNS FROM `news` [ RunTime:0.0011s ]
SQL: select flag,info,fid1,time from news where fid1=1 and fid2=2 or fid1=2 and fid2=1 [ RunTime:0.0010s ]
NOTIC: [2] array_multisort(): Argument #3 is expected to be an array or a sort flag /var/www/html/QQ-master/Application/Home/Controller/IndexController.class.php 第 30 行.

[ 2019-06-13T11:01:52+08:00 ] ::1 /QQ-master/Home/Index/setfriend.html
INFO: [ app_init ] --START--
INFO: Run Behavior\BuildLiteBehavior [ RunTime:0.000017s ]
INFO: [ app_init ] --END-- [ RunTime:0.000110s ]
INFO: [ app_begin ] --START--
INFO: Run Behavior\ReadHtmlCacheBehavior [ RunTime:0.000048s ]
INFO: [ app_begin ] --END-- [ RunTime:0.000102s ]
SQL: SHOW COLUMNS FROM `news` [ RunTime:0.0014s ]
SQL: select flag,info,fid1,time from news where fid1=1 and fid2=2 or fid1=2 and fid2=1 [ RunTime:0.0014s ]
NOTIC: [2] array_multisort(): Argument #3 is expected to be an array or a sort flag /var/www/html/QQ-master/Application/Home/Controller/IndexController.class.php 第 30 行.

[ 2019-06-13T11:01:53+08:00 ] ::1 /QQ-master/Home/Index/setfriend.html
INFO: [ app_init ] --START--
INFO: Run Behavior\BuildLiteBehavior [ RunTime:0.000014s ]
INFO: [ app_init ] --END-- [ RunTime:0.000093s ]
INFO: [ app_begin ] --START--
INFO: Run Behavior\ReadHtmlCacheBehavior [ RunTime:0.000040s ]
INFO: [ app_begin ] --END-- [ RunTime:0.000080s ]
SQL: SHOW COLUMNS FROM `news` [ RunTime:0.0013s ]
SQL: select flag,info,fid1,time from news where fid1=1 and fid2=2 or fid1=2 and fid2=1 [ RunTime:0.0011s ]
NOTIC: [2] array_multisort(): Argument #3 is expected to be an array or a sort flag /var/www/html/QQ-master/Application/Home/Controller/IndexController.class.php 第 30 行.

[ 2019-06-13T11:01:54+08:00 ] ::1 /QQ-master/Home/Index/setfriend.html
INFO: [ app_init ] --START--
INFO: Run Behavior\BuildLiteBehavior [ RunTime:0.000014s ]
INFO: [ app_init ] --END-- [ RunTime:0.000108s ]
INFO: [ app_begin ] --START--
INFO: Run Behavior\ReadHtmlCacheBehavior [ RunTime:0.000048s ]
INFO: [ app_begin ] --END-- [ RunTime:0.000089s ]
SQL: SHOW COLUMNS FROM `news` [ RunTime:0.0013s ]
SQL: select flag,info,fid1,time from news where fid1=1 and fid2=2 or fid1=2 and fid2=1 [ RunTime:0.0011s ]
NOTIC: [2] array_multisort(): Argument #3 is expected to be an array or a sort flag /var/www/html/QQ-master/Application/Home/Controller/IndexController.class.php 第 30 行.

[ 2019-06-13T11:01:55+08:00 ] ::1 /QQ-master/Home/Index/setfriend.html
INFO: [ app_init ] --START--
INFO: Run Behavior\BuildLiteBehavior [ RunTime:0.000026s ]
INFO: [ app_init ] --END-- [ RunTime:0.000176s ]
INFO: [ app_begin ] --START--
INFO: Run Behavior\ReadHtmlCacheBehavior [ RunTime:0.000098s ]
INFO: [ app_begin ] --END-- [ RunTime:0.000169s ]
SQL: SHOW COLUMNS FROM `news` [ RunTime:0.0014s ]
SQL: select flag,info,fid1,time from news where fid1=1 and fid2=2 or fid1=2 and fid2=1 [ RunTime:0.0013s ]
NOTIC: [2] array_multisort(): Argument #3 is expected to be an array or a sort flag /var/www/html/QQ-master/Application/Home/Controller/IndexController.class.php 第 30 行.

[ 2019-06-13T11:01:56+08:00 ] ::1 /QQ-master/Home/Index/setfriend.html
INFO: [ app_init ] --START--
INFO: Run Behavior\BuildLiteBehavior [ RunTime:0.000013s ]
INFO: [ app_init ] --END-- [ RunTime:0.000084s ]
INFO: [ app_begin ] --START--
INFO: Run Behavior\ReadHtmlCacheBehavior [ RunTime:0.000035s ]
INFO: [ app_begin ] --END-- [ RunTime:0.000069s ]
SQL: SHOW COLUMNS FROM `news` [ RunTime:0.0011s ]
SQL: select flag,info,fid1,time from news where fid1=1 and fid2=2 or fid1=2 and fid2=1 [ RunTime:0.0011s ]
NOTIC: [2] array_multisort(): Argument #3 is expected to be an array or a sort flag /var/www/html/QQ-master/Application/Home/Controller/IndexController.class.php 第 30 行.

[ 2019-06-13T13:14:42+08:00 ] ::1 /QQ-master/Home/Index/index.html
INFO: [ app_init ] --START--
INFO: Run Behavior\BuildLiteBehavior [ RunTime:0.000174s ]
INFO: [ app_init ] --END-- [ RunTime:0.000365s ]
INFO: [ app_begin ] --START--
INFO: Run Behavior\ReadHtmlCacheBehavior [ RunTime:0.000064s ]
INFO: [ app_begin ] --END-- [ RunTime:0.000113s ]
SQL: SHOW COLUMNS FROM `friend` [ RunTime:0.0019s ]
SQL: select fid2name,fid2 from friend where fid1=1 [ RunTime:0.0007s ]
INFO: [ view_parse ] --START--
INFO: [ template_filter ] --START--
INFO: Run Behavior\ContentReplaceBehavior [ RunTime:0.000331s ]
INFO: [ template_filter ] --END-- [ RunTime:0.000497s ]
INFO: Run Behavior\ParseTemplateBehavior [ RunTime:0.014014s ]
INFO: [ view_parse ] --END-- [ RunTime:0.014065s ]
INFO: [ view_filter ] --START--
INFO: Run Behavior\WriteHtmlCacheBehavior [ RunTime:0.000052s ]
INFO: [ view_filter ] --END-- [ RunTime:0.000069s ]
INFO: [ app_end ] --START--
INFO: Run Behavior\ShowPageTraceBehavior [ RunTime:0.000043s ]
INFO: [ app_end ] --END-- [ RunTime:0.000071s ]

[ 2019-06-13T13:14:45+08:00 ] ::1 /QQ-master/Home/Index/index.html
INFO: [ app_init ] --START--
INFO: Run Behavior\BuildLiteBehavior [ RunTime:0.000031s ]
INFO: [ app_init ] --END-- [ RunTime:0.000238s ]
INFO: [ app_begin ] --START--
INFO: Run Behavior\ReadHtmlCacheBehavior [ RunTime:0.000097s ]
INFO: [ app_begin ] --END-- [ RunTime:0.000195s ]
SQL: SHOW COLUMNS FROM `friend` [ RunTime:0.0025s ]
SQL: select fid2name,fid2 from friend where fid1=1 [ RunTime:0.0025s ]
INFO: [ view_parse ] --START--
INFO: [ template_filter ] --START--
INFO: Run Behavior\ContentReplaceBehavior [ RunTime:0.000430s ]
INFO: [ template_filter ] --END-- [ RunTime:0.000540s ]
INFO: Run Behavior\ParseTemplateBehavior [ RunTime:0.026207s ]
INFO: [ view_parse ] --END-- [ RunTime:0.026396s ]
INFO: [ view_filter ] --START--
INFO: Run Behavior\WriteHtmlCacheBehavior [ RunTime:0.000157s ]
INFO: [ view_filter ] --END-- [ RunTime:0.000228s ]
INFO: [ app_end ] --START--
INFO: Run Behavior\ShowPageTraceBehavior [ RunTime:0.000119s ]
INFO: [ app_end ] --END-- [ RunTime:0.000251s ]

[ 2019-06-13T13:14:45+08:00 ] ::1 /QQ-master/Home/Index/index.html
INFO: [ app_init ] --START--
INFO: Run Behavior\BuildLiteBehavior [ RunTime:0.000019s ]
INFO: [ app_init ] --END-- [ RunTime:0.000137s ]
INFO: [ app_begin ] --START--
INFO: Run Behavior\ReadHtmlCacheBehavior [ RunTime:0.000097s ]
INFO: [ app_begin ] --END-- [ RunTime:0.000175s ]
SQL: SHOW COLUMNS FROM `friend` [ RunTime:0.0035s ]
SQL: select fid2name,fid2 from friend where fid1=1 [ RunTime:0.0006s ]
INFO: [ view_parse ] --START--
INFO: [ template_filter ] --START--
INFO: Run Behavior\ContentReplaceBehavior [ RunTime:0.000413s ]
INFO: [ template_filter ] --END-- [ RunTime:0.000486s ]
INFO: Run Behavior\ParseTemplateBehavior [ RunTime:0.012981s ]
INFO: [ view_parse ] --END-- [ RunTime:0.013238s ]
INFO: [ view_filter ] --START--
INFO: Run Behavior\WriteHtmlCacheBehavior [ RunTime:0.000138s ]
INFO: [ view_filter ] --END-- [ RunTime:0.000201s ]
INFO: [ app_end ] --START--
INFO: Run Behavior\ShowPageTraceBehavior [ RunTime:0.000101s ]
INFO: [ app_end ] --END-- [ RunTime:0.000187s ]

[ 2019-06-13T13:14:46+08:00 ] ::1 /QQ-master/Home/Index/index.html
INFO: [ app_init ] --START--
INFO: Run Behavior\BuildLiteBehavior [ RunTime:0.000025s ]
INFO: [ app_init ] --END-- [ RunTime:0.000161s ]
INFO: [ app_begin ] --START--
INFO: Run Behavior\ReadHtmlCacheBehavior [ RunTime:0.000056s ]
INFO: [ app_begin ] --END-- [ RunTime:0.000109s ]
SQL: SHOW COLUMNS FROM `friend` [ RunTime:0.0013s ]
SQL: select fid2name,fid2 from friend where fid1=1 [ RunTime:0.0006s ]
INFO: [ view_parse ] --START--
INFO: [ template_filter ] --START--
INFO: Run Behavior\ContentReplaceBehavior [ RunTime:0.000427s ]
INFO: [ template_filter ] --END-- [ RunTime:0.000561s ]
INFO: Run Behavior\ParseTemplateBehavior [ RunTime:0.018570s ]
INFO: [ view_parse ] --END-- [ RunTime:0.018654s ]
INFO: [ view_filter ] --START--
INFO: Run Behavior\WriteHtmlCacheBehavior [ RunTime:0.000081s ]
INFO: [ view_filter ] --END-- [ RunTime:0.000116s ]
INFO: [ app_end ] --START--
INFO: Run Behavior\ShowPageTraceBehavior [ RunTime:0.000091s ]
INFO: [ app_end ] --END-- [ RunTime:0.000178s ]

[ 2019-06-13T13:14:47+08:00 ] ::1 /QQ-master/Home/Index/index.html
INFO: [ app_init ] --START--
INFO: Run Behavior\BuildLiteBehavior [ RunTime:0.000005s ]
INFO: [ app_init ] --END-- [ RunTime:0.000043s ]
INFO: [ app_begin ] --START--
INFO: Run Behavior\ReadHtmlCacheBehavior [ RunTime:0.000015s ]
INFO: [ app_begin ] --END-- [ RunTime:0.000028s ]
SQL: SHOW COLUMNS FROM `friend` [ RunTime:0.0004s ]
SQL: select fid2name,fid2 from friend where fid1=1 [ RunTime:0.0002s ]
INFO: [ view_parse ] --START--
INFO: [ template_filter ] --START--
INFO: Run Behavior\ContentReplaceBehavior [ RunTime:0.000099s ]
INFO: [ template_filter ] --END-- [ RunTime:0.000117s ]
INFO: Run Behavior\ParseTemplateBehavior [ RunTime:0.003664s ]
INFO: [ view_parse ] --END-- [ RunTime:0.003688s ]
INFO: [ view_filter ] --START--
INFO: Run Behavior\WriteHtmlCacheBehavior [ RunTime:0.000026s ]
INFO: [ view_filter ] --END-- [ RunTime:0.000040s ]
INFO: [ app_end ] --START--
INFO: Run Behavior\ShowPageTraceBehavior [ RunTime:0.000030s ]
INFO: [ app_end ] --END-- [ RunTime:0.000057s ]

[ 2019-06-13T13:14:48+08:00 ] ::1 /QQ-master/Home/Index/index.html
INFO: [ app_init ] --START--
INFO: Run Behavior\BuildLiteBehavior [ RunTime:0.000027s ]
INFO: [ app_init ] --END-- [ RunTime:0.000201s ]
INFO: [ app_begin ] --START--
INFO: Run Behavior\ReadHtmlCacheBehavior [ RunTime:0.000072s ]
INFO: [ app_begin ] --END-- [ RunTime:0.000143s ]
SQL: SHOW COLUMNS FROM `friend` [ RunTime:0.0014s ]
SQL: select fid2name,fid2 from friend where fid1=1 [ RunTime:0.0008s ]
INFO: [ view_parse ] --START--
INFO: [ template_filter ] --START--
INFO: Run Behavior\ContentReplaceBehavior [ RunTime:0.000454s ]
INFO: [ template_filter ] --END-- [ RunTime:0.000574s ]
INFO: Run Behavior\ParseTemplateBehavior [ RunTime:0.012507s ]
INFO: [ view_parse ] --END-- [ RunTime:0.012621s ]
INFO: [ view_filter ] --START--
INFO: Run Behavior\WriteHtmlCacheBehavior [ RunTime:0.000143s ]
INFO: [ view_filter ] --END-- [ RunTime:0.000208s ]
INFO: [ app_end ] --START--
INFO: Run Behavior\ShowPageTraceBehavior [ RunTime:0.000165s ]
INFO: [ app_end ] --END-- [ RunTime:0.000294s ]

